2025-08-21 14:22:02,883 - WARNING - Schema file not found at /tmp/tmpxo13wamc/ies4_json_schema.json
2025-08-21 14:22:02,884 - INFO - Starting IES4 JSON file consolidation process
2025-08-21 14:22:02,884 - INFO - IES4 Compliance Version: r4.3.0 2024-12-16
2025-08-21 14:22:02,884 - INFO - Found 3 folders to process
2025-08-21 14:22:02,884 - INFO - [1/3] Processing folder: iran as 'iran'
2025-08-21 14:22:02,884 - INFO - Merging 2 JSON files for iran
2025-08-21 14:22:02,884 - INFO - Processing file: /tmp/tmpxo13wamc/data/iran/iran_drones.json
2025-08-21 14:22:02,885 - INFO - Added 1 entities from iran_drones.json
2025-08-21 14:22:02,885 - INFO - Processing file: /tmp/tmpxo13wamc/data/iran/iran_missiles.json
2025-08-21 14:22:02,885 - INFO - Added 1 entities from iran_missiles.json
2025-08-21 14:22:02,885 - INFO - Consolidated 2 vehicles
2025-08-21 14:22:02,885 - INFO - Saved consolidated file: /tmp/tmpxo13wamc/output/consolidated/ies4_iran_consolidated.json
2025-08-21 14:22:02,885 - INFO - Completed iran in 0.00 seconds [1/3]
2025-08-21 14:22:02,885 - INFO - [2/3] Processing folder: uk as 'uk'
2025-08-21 14:22:02,886 - INFO - Only one JSON file in /tmp/tmpxo13wamc/data/uk, copying to output
2025-08-21 14:22:02,886 - WARNING - Version mismatch: found 4.2.0, expected 4.3.0
2025-08-21 14:22:02,886 - WARNING - countries[0] (id: uk-001): missing 'timestamp' field, will be added during processing
2025-08-21 14:22:02,886 - WARNING - vehicles[0] (id: uk-tank-001): missing 'timestamp' field, will be added during processing
2025-08-21 14:22:02,886 - ERROR - Validation error: Missing required field: $schema
2025-08-21 14:22:02,886 - ERROR - Data validation failed for /tmp/tmpxo13wamc/output/consolidated/ies4_uk_consolidated.json
2025-08-21 14:22:02,886 - INFO - Completed uk in 0.00 seconds [2/3]
2025-08-21 14:22:02,886 - INFO - [3/3] Processing folder: uk/army as 'uk_army'
2025-08-21 14:22:02,886 - INFO - Only one JSON file in /tmp/tmpxo13wamc/data/uk/army, copying to output
2025-08-21 14:22:02,887 - WARNING - vehicles[0] (id: uk-army-001): missing 'timestamp' field, will be added during processing
2025-08-21 14:22:02,887 - WARNING - people[0] (id: uk-army-p001): missing 'timestamp' field, will be added during processing
2025-08-21 14:22:02,887 - ERROR - Validation error: Missing required field: $schema
2025-08-21 14:22:02,887 - ERROR - Data validation failed for /tmp/tmpxo13wamc/output/consolidated/ies4_uk_army_consolidated.json
2025-08-21 14:22:02,887 - INFO - Completed uk_army in 0.00 seconds [3/3]
2025-08-21 14:22:02,887 - INFO - Consolidation process completed in 0.00 seconds
2025-08-21 14:22:02,887 - INFO - Summary report saved: /tmp/tmpxo13wamc/output/consolidated/consolidation_report.txt
